<?xml version="1.0" encoding="UTF-8"?>
<testng-results skipped="0" failed="0" ignored="0" total="1" passed="1">
  <reporter-output>
  </reporter-output>
  <suite name="Default suite" duration-ms="12172" started-at="2019-04-07T15:08:11Z" finished-at="2019-04-07T15:08:23Z">
    <groups>
    </groups>
    <test name="Default test" duration-ms="12172" started-at="2019-04-07T15:08:11Z" finished-at="2019-04-07T15:08:23Z">
      <class name="com.org.ui.tests.GoogleTest">
        <test-method status="PASS" signature="setUp()[pri:0, instance:com.org.ui.tests.GoogleTest@6221a451]" name="setUp" is-config="true" duration-ms="2675" started-at="2019-04-07T15:08:11Z" finished-at="2019-04-07T15:08:14Z">
          <reporter-output>
          </reporter-output>
        </test-method> <!-- setUp -->
        <test-method status="PASS" signature="testGoogleSearch()[pri:0, instance:com.org.ui.tests.GoogleTest@6221a451]" name="testGoogleSearch" duration-ms="8835" started-at="2019-04-07T15:08:14Z" finished-at="2019-04-07T15:08:23Z">
          <reporter-output>
          </reporter-output>
        </test-method> <!-- testGoogleSearch -->
        <test-method status="PASS" signature="closeApplication()[pri:0, instance:com.org.ui.tests.GoogleTest@6221a451]" name="closeApplication" is-config="true" duration-ms="640" started-at="2019-04-07T15:08:23Z" finished-at="2019-04-07T15:08:23Z">
          <reporter-output>
          </reporter-output>
        </test-method> <!-- closeApplication -->
      </class> <!-- com.org.ui.tests.GoogleTest -->
    </test> <!-- Default test -->
  </suite> <!-- Default suite -->
</testng-results>
